[23:04:06] [main/INFO]: Environment: authHost='https://authserver.mojang.com', accountsHost='https://api.mojang.com', sessionHost='https://sessionserver.mojang.com', servicesHost='https://api.minecraftservices.com', name='PROD'
[23:04:08] [main/INFO]: Reloading ResourceManager: Default, bukkit
[23:04:11] [Worker-Main-2/INFO]: Loaded 7 recipes
[23:04:18] [Server thread/INFO]: Starting minecraft server version 1.16.4
[23:04:18] [Server thread/INFO]: Loading properties
[23:04:21] [Server thread/INFO]: This server is running CraftBukkit version git-Spigot-a19903d-23618b2 (MC: 1.16.4) (Implementing API version 1.16.4-R0.1-SNAPSHOT)
[23:04:21] [Server thread/INFO]: Debug logging is disabled
[23:04:21] [Server thread/INFO]: Server Ping Player Sample Count: 12
[23:04:21] [Server thread/INFO]: Using 4 threads for Netty based IO
[23:04:21] [Server thread/INFO]: Default game type: CREATIVE
[23:04:21] [Server thread/INFO]: Generating keypair
[23:04:21] [Server thread/INFO]: Starting Minecraft server on 0.0.0.0:25565
[23:04:21] [Server thread/INFO]: Using default channel type
[23:04:24] [Server thread/WARN]: **** SERVER IS RUNNING IN OFFLINE/INSECURE MODE!
[23:04:24] [Server thread/WARN]: The server will make no attempt to authenticate usernames. Beware.
[23:04:24] [Server thread/WARN]: While this makes the game possible to play without internet access, it also opens up the ability for hackers to connect with any username they choose.
[23:04:24] [Server thread/WARN]: To change this, set "online-mode" to "true" in the server.properties file.
[23:04:24] [Server thread/INFO]: Preparing level "world"
[23:04:24] [Server thread/INFO]: -------- World Settings For [world] --------
[23:04:24] [Server thread/INFO]: Zombie Aggressive Towards Villager: true
[23:04:24] [Server thread/INFO]: Entity Tracking Range: Pl 48 / An 48 / Mo 48 / Mi 32 / Other 64
[23:04:24] [Server thread/INFO]: Allow Zombie Pigmen to spawn from portal blocks: true
[23:04:24] [Server thread/INFO]: Item Merge Radius: 2.5
[23:04:24] [Server thread/INFO]: Item Despawn Rate: 6000
[23:04:24] [Server thread/INFO]: View Distance: 10
[23:04:24] [Server thread/INFO]: Arrow Despawn Rate: 1200 Trident Respawn Rate:1200
[23:04:24] [Server thread/INFO]: Nerfing mobs spawned from spawners: false
[23:04:24] [Server thread/INFO]: Experience Merge Radius: 3.0
[23:04:24] [Server thread/INFO]: Cactus Growth Modifier: 100%
[23:04:24] [Server thread/INFO]: Cane Growth Modifier: 100%
[23:04:24] [Server thread/INFO]: Melon Growth Modifier: 100%
[23:04:24] [Server thread/INFO]: Mushroom Growth Modifier: 100%
[23:04:24] [Server thread/INFO]: Pumpkin Growth Modifier: 100%
[23:04:24] [Server thread/INFO]: Sapling Growth Modifier: 100%
[23:04:24] [Server thread/INFO]: Beetroot Growth Modifier: 100%
[23:04:24] [Server thread/INFO]: Carrot Growth Modifier: 100%
[23:04:24] [Server thread/INFO]: Potato Growth Modifier: 100%
[23:04:24] [Server thread/INFO]: Wheat Growth Modifier: 100%
[23:04:24] [Server thread/INFO]: NetherWart Growth Modifier: 100%
[23:04:24] [Server thread/INFO]: Vine Growth Modifier: 100%
[23:04:24] [Server thread/INFO]: Cocoa Growth Modifier: 100%
[23:04:24] [Server thread/INFO]: Bamboo Growth Modifier: 100%
[23:04:24] [Server thread/INFO]: SweetBerry Growth Modifier: 100%
[23:04:24] [Server thread/INFO]: Kelp Growth Modifier: 100%
[23:04:24] [Server thread/INFO]: Mob Spawn Range: 6
[23:04:24] [Server thread/INFO]: Entity Activation Range: An 32 / Mo 32 / Ra 48 / Mi 16 / Tiv true
[23:04:24] [Server thread/INFO]: Hopper Transfer: 8 Hopper Check: 1 Hopper Amount: 1
[23:04:24] [Server thread/INFO]: Max TNT Explosions: 100
[23:04:24] [Server thread/INFO]: Tile Max Tick Time: 50ms Entity max Tick Time: 50ms
[23:04:24] [Server thread/INFO]: Custom Map Seeds:  Village: 10387312 Desert: 14357617 Igloo: 14357618 Jungle: 14357619 Swamp: 14357620 Monument: 10387313 Ocean: 14357621 Shipwreck: 165745295 End City: 10387313 Slime: 987234911 Bastion: 30084232 Fortress: 30084232 Mansion: 10387319 Fossil: 14357921 Portal: 34222645
[23:04:25] [Server thread/INFO]: -------- World Settings For [world_nether] --------
[23:04:25] [Server thread/INFO]: Zombie Aggressive Towards Villager: true
[23:04:25] [Server thread/INFO]: Entity Tracking Range: Pl 48 / An 48 / Mo 48 / Mi 32 / Other 64
[23:04:25] [Server thread/INFO]: Allow Zombie Pigmen to spawn from portal blocks: true
[23:04:25] [Server thread/INFO]: Item Merge Radius: 2.5
[23:04:25] [Server thread/INFO]: Item Despawn Rate: 6000
[23:04:25] [Server thread/INFO]: View Distance: 10
[23:04:25] [Server thread/INFO]: Arrow Despawn Rate: 1200 Trident Respawn Rate:1200
[23:04:25] [Server thread/INFO]: Nerfing mobs spawned from spawners: false
[23:04:25] [Server thread/INFO]: Experience Merge Radius: 3.0
[23:04:25] [Server thread/INFO]: Cactus Growth Modifier: 100%
[23:04:25] [Server thread/INFO]: Cane Growth Modifier: 100%
[23:04:25] [Server thread/INFO]: Melon Growth Modifier: 100%
[23:04:25] [Server thread/INFO]: Mushroom Growth Modifier: 100%
[23:04:25] [Server thread/INFO]: Pumpkin Growth Modifier: 100%
[23:04:25] [Server thread/INFO]: Sapling Growth Modifier: 100%
[23:04:25] [Server thread/INFO]: Beetroot Growth Modifier: 100%
[23:04:25] [Server thread/INFO]: Carrot Growth Modifier: 100%
[23:04:25] [Server thread/INFO]: Potato Growth Modifier: 100%
[23:04:25] [Server thread/INFO]: Wheat Growth Modifier: 100%
[23:04:25] [Server thread/INFO]: NetherWart Growth Modifier: 100%
[23:04:25] [Server thread/INFO]: Vine Growth Modifier: 100%
[23:04:25] [Server thread/INFO]: Cocoa Growth Modifier: 100%
[23:04:25] [Server thread/INFO]: Bamboo Growth Modifier: 100%
[23:04:25] [Server thread/INFO]: SweetBerry Growth Modifier: 100%
[23:04:25] [Server thread/INFO]: Kelp Growth Modifier: 100%
[23:04:25] [Server thread/INFO]: Mob Spawn Range: 6
[23:04:25] [Server thread/INFO]: Entity Activation Range: An 32 / Mo 32 / Ra 48 / Mi 16 / Tiv true
[23:04:25] [Server thread/INFO]: Hopper Transfer: 8 Hopper Check: 1 Hopper Amount: 1
[23:04:25] [Server thread/INFO]: Max TNT Explosions: 100
[23:04:25] [Server thread/INFO]: Tile Max Tick Time: 50ms Entity max Tick Time: 50ms
[23:04:25] [Server thread/INFO]: Custom Map Seeds:  Village: 10387312 Desert: 14357617 Igloo: 14357618 Jungle: 14357619 Swamp: 14357620 Monument: 10387313 Ocean: 14357621 Shipwreck: 165745295 End City: 10387313 Slime: 987234911 Bastion: 30084232 Fortress: 30084232 Mansion: 10387319 Fossil: 14357921 Portal: 34222645
[23:04:25] [Server thread/INFO]: -------- World Settings For [world_the_end] --------
[23:04:25] [Server thread/INFO]: Zombie Aggressive Towards Villager: true
[23:04:25] [Server thread/INFO]: Entity Tracking Range: Pl 48 / An 48 / Mo 48 / Mi 32 / Other 64
[23:04:25] [Server thread/INFO]: Allow Zombie Pigmen to spawn from portal blocks: true
[23:04:25] [Server thread/INFO]: Item Merge Radius: 2.5
[23:04:25] [Server thread/INFO]: Item Despawn Rate: 6000
[23:04:25] [Server thread/INFO]: View Distance: 10
[23:04:25] [Server thread/INFO]: Arrow Despawn Rate: 1200 Trident Respawn Rate:1200
[23:04:25] [Server thread/INFO]: Nerfing mobs spawned from spawners: false
[23:04:25] [Server thread/INFO]: Experience Merge Radius: 3.0
[23:04:25] [Server thread/INFO]: Cactus Growth Modifier: 100%
[23:04:25] [Server thread/INFO]: Cane Growth Modifier: 100%
[23:04:25] [Server thread/INFO]: Melon Growth Modifier: 100%
[23:04:25] [Server thread/INFO]: Mushroom Growth Modifier: 100%
[23:04:25] [Server thread/INFO]: Pumpkin Growth Modifier: 100%
[23:04:25] [Server thread/INFO]: Sapling Growth Modifier: 100%
[23:04:25] [Server thread/INFO]: Beetroot Growth Modifier: 100%
[23:04:25] [Server thread/INFO]: Carrot Growth Modifier: 100%
[23:04:25] [Server thread/INFO]: Potato Growth Modifier: 100%
[23:04:25] [Server thread/INFO]: Wheat Growth Modifier: 100%
[23:04:25] [Server thread/INFO]: NetherWart Growth Modifier: 100%
[23:04:25] [Server thread/INFO]: Vine Growth Modifier: 100%
[23:04:25] [Server thread/INFO]: Cocoa Growth Modifier: 100%
[23:04:25] [Server thread/INFO]: Bamboo Growth Modifier: 100%
[23:04:25] [Server thread/INFO]: SweetBerry Growth Modifier: 100%
[23:04:25] [Server thread/INFO]: Kelp Growth Modifier: 100%
[23:04:25] [Server thread/INFO]: Mob Spawn Range: 6
[23:04:25] [Server thread/INFO]: Entity Activation Range: An 32 / Mo 32 / Ra 48 / Mi 16 / Tiv true
[23:04:25] [Server thread/INFO]: Hopper Transfer: 8 Hopper Check: 1 Hopper Amount: 1
[23:04:25] [Server thread/INFO]: Max TNT Explosions: 100
[23:04:25] [Server thread/INFO]: Tile Max Tick Time: 50ms Entity max Tick Time: 50ms
[23:04:25] [Server thread/INFO]: Custom Map Seeds:  Village: 10387312 Desert: 14357617 Igloo: 14357618 Jungle: 14357619 Swamp: 14357620 Monument: 10387313 Ocean: 14357621 Shipwreck: 165745295 End City: 10387313 Slime: 987234911 Bastion: 30084232 Fortress: 30084232 Mansion: 10387319 Fossil: 14357921 Portal: 34222645
[23:04:25] [Server thread/INFO]: Preparing start region for dimension minecraft:overworld
[23:04:28] [Server thread/INFO]: Preparing spawn area: 0%
[23:04:28] [Server thread/INFO]: Preparing spawn area: 0%
[23:04:28] [Server thread/INFO]: Preparing spawn area: 0%
[23:04:28] [Server thread/INFO]: Preparing spawn area: 0%
[23:04:28] [Server thread/INFO]: Preparing spawn area: 0%
[23:04:28] [Server thread/INFO]: Preparing spawn area: 0%
[23:04:28] [Server thread/INFO]: Preparing spawn area: 0%
[23:04:29] [Worker-Main-3/INFO]: Preparing spawn area: 0%
[23:04:29] [Worker-Main-3/INFO]: Preparing spawn area: 0%
[23:04:31] [Server thread/INFO]: Preparing spawn area: 0%
[23:04:31] [Server thread/INFO]: Preparing spawn area: 0%
[23:04:31] [Server thread/INFO]: Preparing spawn area: 0%
[23:04:36] [Worker-Main-3/INFO]: Preparing spawn area: 83%
[23:04:36] [Worker-Main-3/INFO]: Preparing spawn area: 83%
[23:04:36] [Worker-Main-3/INFO]: Preparing spawn area: 83%
[23:04:36] [Worker-Main-3/INFO]: Preparing spawn area: 83%
[23:04:36] [Worker-Main-3/INFO]: Preparing spawn area: 83%
[23:04:36] [Worker-Main-3/INFO]: Preparing spawn area: 83%
[23:04:36] [Worker-Main-3/INFO]: Preparing spawn area: 83%
[23:04:36] [Worker-Main-3/INFO]: Preparing spawn area: 83%
[23:04:36] [Worker-Main-3/INFO]: Preparing spawn area: 83%
[23:04:36] [Worker-Main-3/INFO]: Preparing spawn area: 83%
[23:04:36] [Worker-Main-3/INFO]: Preparing spawn area: 83%
[23:04:36] [Worker-Main-3/INFO]: Preparing spawn area: 83%
[23:04:37] [Worker-Main-3/INFO]: Preparing spawn area: 83%
[23:04:37] [Worker-Main-3/INFO]: Preparing spawn area: 83%
[23:04:38] [Worker-Main-3/INFO]: Preparing spawn area: 83%
[23:04:38] [Worker-Main-3/INFO]: Preparing spawn area: 83%
[23:04:39] [Worker-Main-3/INFO]: Preparing spawn area: 83%
[23:04:39] [Worker-Main-3/INFO]: Preparing spawn area: 83%
[23:04:40] [Worker-Main-3/INFO]: Preparing spawn area: 83%
[23:04:41] [Worker-Main-3/INFO]: Preparing spawn area: 83%
[23:04:41] [Worker-Main-3/INFO]: Preparing spawn area: 83%
[23:04:42] [Worker-Main-3/INFO]: Preparing spawn area: 83%
[23:04:42] [Server thread/INFO]: Preparing spawn area: 83%
[23:04:42] [Worker-Main-3/INFO]: Preparing spawn area: 85%
[23:04:43] [Worker-Main-3/INFO]: Preparing spawn area: 85%
[23:04:43] [Server thread/INFO]: Preparing spawn area: 85%
[23:04:44] [Worker-Main-3/INFO]: Preparing spawn area: 89%
[23:04:44] [Worker-Main-3/INFO]: Preparing spawn area: 93%
[23:04:45] [Worker-Main-3/INFO]: Preparing spawn area: 97%
[23:04:45] [Server thread/INFO]: Time elapsed: 20374 ms
[23:04:45] [Server thread/INFO]: Preparing start region for dimension minecraft:the_nether
[23:04:48] [Server thread/INFO]: Preparing spawn area: 0%
[23:04:48] [Server thread/INFO]: Preparing spawn area: 0%
[23:04:48] [Server thread/INFO]: Preparing spawn area: 0%
[23:04:48] [Server thread/INFO]: Preparing spawn area: 0%
[23:04:48] [Server thread/INFO]: Preparing spawn area: 0%
[23:04:48] [Server thread/INFO]: Preparing spawn area: 0%
[23:04:48] [Server thread/INFO]: Preparing spawn area: 0%
[23:04:49] [Server thread/INFO]: Preparing spawn area: 0%
[23:04:50] [Worker-Main-3/INFO]: Preparing spawn area: 83%
[23:04:50] [Worker-Main-3/INFO]: Preparing spawn area: 83%
[23:04:50] [Worker-Main-3/INFO]: Preparing spawn area: 83%
[23:04:51] [Worker-Main-3/INFO]: Preparing spawn area: 83%
[23:04:51] [Worker-Main-3/INFO]: Preparing spawn area: 83%
[23:04:52] [Worker-Main-3/INFO]: Preparing spawn area: 83%
[23:04:52] [Worker-Main-3/INFO]: Preparing spawn area: 83%
[23:04:53] [Worker-Main-3/INFO]: Preparing spawn area: 83%
[23:04:53] [Worker-Main-3/INFO]: Preparing spawn area: 83%
[23:04:54] [Worker-Main-3/INFO]: Preparing spawn area: 83%
[23:04:54] [Worker-Main-3/INFO]: Preparing spawn area: 83%
[23:04:55] [Worker-Main-3/INFO]: Preparing spawn area: 83%
[23:04:55] [Worker-Main-3/INFO]: Preparing spawn area: 85%
[23:04:56] [Worker-Main-3/INFO]: Preparing spawn area: 93%
[23:04:56] [Server thread/INFO]: Time elapsed: 10627 ms
[23:04:56] [Server thread/INFO]: Preparing start region for dimension minecraft:the_end
[23:04:58] [Server thread/INFO]: Preparing spawn area: 0%
[23:04:58] [Server thread/INFO]: Preparing spawn area: 0%
[23:04:58] [Server thread/INFO]: Preparing spawn area: 0%
[23:04:58] [Server thread/INFO]: Preparing spawn area: 0%
[23:04:58] [Server thread/INFO]: Preparing spawn area: 0%
[23:04:59] [Worker-Main-3/INFO]: Preparing spawn area: 83%
[23:04:59] [Worker-Main-3/INFO]: Preparing spawn area: 83%
[23:04:59] [Worker-Main-3/INFO]: Preparing spawn area: 91%
[23:05:00] [Server thread/INFO]: Time elapsed: 3802 ms
[23:05:00] [Server thread/INFO]: Server permissions file permissions.yml is empty, ignoring it
[23:05:00] [Server thread/INFO]: Done (35.706s)! For help, type "help"
[23:06:08] [User Authenticator #1/INFO]: UUID of player PaulGun is a4281a27-c6c3-306d-b8e9-0b03f06134df
[23:06:11] [Server thread/INFO]: PaulGun[/25.79.82.27:57802] logged in with entity id 114 at ([world]15.5, 64.0, 5.5)
[23:06:14] [Server thread/WARN]: Can't keep up! Is the server overloaded? Running 5323ms or 106 ticks behind
[23:10:11] [Server thread/WARN]: Can't keep up! Is the server overloaded? Running 5673ms or 113 ticks behind
[23:10:42] [Server thread/INFO]: PaulGun lost connection: Disconnected
[23:10:42] [Server thread/INFO]: PaulGun left the game
[23:11:00] [Server thread/INFO]: Stopping server
[23:11:00] [Server thread/INFO]: Saving players
[23:11:00] [Server thread/INFO]: Saving worlds
[23:11:00] [Server thread/INFO]: Saving chunks for level 'ServerLevel[world]'/minecraft:overworld
[23:11:01] [Server thread/INFO]: ThreadedAnvilChunkStorage (world): All chunks are saved
[23:11:01] [Server thread/INFO]: Saving chunks for level 'ServerLevel[world_nether]'/minecraft:the_nether
[23:11:01] [Server thread/INFO]: ThreadedAnvilChunkStorage (DIM-1): All chunks are saved
[23:11:01] [Server thread/INFO]: Saving chunks for level 'ServerLevel[world_the_end]'/minecraft:the_end
[23:11:02] [Server thread/INFO]: ThreadedAnvilChunkStorage (DIM1): All chunks are saved
[23:11:02] [Server thread/INFO]: ThreadedAnvilChunkStorage (world): All chunks are saved
[23:11:02] [Server thread/INFO]: ThreadedAnvilChunkStorage (DIM-1): All chunks are saved
[23:11:03] [Server thread/INFO]: ThreadedAnvilChunkStorage (DIM1): All chunks are saved
