[22:13:50] [Server thread/INFO]: Starting minecraft server version 1.12
[22:13:50] [Server thread/INFO]: Loading properties
[22:13:50] [Server thread/INFO]: Default game type: SURVIVAL
[22:13:50] [Server thread/INFO]: This server is running CraftBukkit version git-Spigot-596221b-9a1fc1e (MC: 1.12) (Implementing API version 1.12-R0.1-SNAPSHOT)
[22:13:50] [Server thread/INFO]: Debug logging is disabled
[22:13:50] [Server thread/INFO]: Server Ping Player Sample Count: 12
[22:13:50] [Server thread/INFO]: Using 4 threads for Netty based IO
[22:13:50] [Server thread/INFO]: Generating keypair
[22:13:51] [Server thread/INFO]: Starting Minecraft server on 0.0.0.0:25565
[22:13:51] [Server thread/INFO]: Using default channel type
[22:13:51] [Server thread/WARN]: **** SERVER IS RUNNING IN OFFLINE/INSECURE MODE!
[22:13:51] [Server thread/WARN]: The server will make no attempt to authenticate usernames. Beware.
[22:13:51] [Server thread/WARN]: While this makes the game possible to play without internet access, it also opens up the ability for hackers to connect with any username they choose.
[22:13:51] [Server thread/WARN]: To change this, set "online-mode" to "true" in the server.properties file.
[22:13:51] [Server thread/INFO]: **** Beginning UUID conversion, this may take A LONG time ****
[22:13:51] [Server thread/INFO]: Preparing level "server"
[22:13:51] [Server thread/INFO]: -------- World Settings For [server] --------
[22:13:51] [Server thread/INFO]: Item Despawn Rate: 6000
[22:13:51] [Server thread/INFO]: Item Merge Radius: 2.5
[22:13:51] [Server thread/INFO]: Allow Zombie Pigmen to spawn from portal blocks: true
[22:13:51] [Server thread/INFO]: Arrow Despawn Rate: 1200
[22:13:51] [Server thread/INFO]: Nerfing mobs spawned from spawners: false
[22:13:51] [Server thread/INFO]: Experience Merge Radius: 3.0
[22:13:51] [Server thread/INFO]: Cactus Growth Modifier: 100%
[22:13:51] [Server thread/INFO]: Cane Growth Modifier: 100%
[22:13:51] [Server thread/INFO]: Melon Growth Modifier: 100%
[22:13:51] [Server thread/INFO]: Mushroom Growth Modifier: 100%
[22:13:51] [Server thread/INFO]: Pumpkin Growth Modifier: 100%
[22:13:51] [Server thread/INFO]: Sapling Growth Modifier: 100%
[22:13:51] [Server thread/INFO]: Wheat Growth Modifier: 100%
[22:13:51] [Server thread/INFO]: NetherWart Growth Modifier: 100%
[22:13:51] [Server thread/INFO]: Vine Growth Modifier: 100%
[22:13:51] [Server thread/INFO]: Cocoa Growth Modifier: 100%
[22:13:51] [Server thread/INFO]: View Distance: 10
[22:13:51] [Server thread/INFO]: Structure Info Saving: true
[22:13:51] [Server thread/INFO]: Entity Tracking Range: Pl 48 / An 48 / Mo 48 / Mi 32 / Other 64
[22:13:51] [Server thread/INFO]: Hopper Transfer: 8 Hopper Check: 1 Hopper Amount: 1
[22:13:51] [Server thread/INFO]: Max TNT Explosions: 100
[22:13:51] [Server thread/INFO]: Random Lighting Updates: false
[22:13:51] [Server thread/INFO]: Tile Max Tick Time: 50ms Entity max Tick Time: 50ms
[22:13:51] [Server thread/INFO]: Custom Map Seeds:  Village: 10387312 Feature: 14357617 Monument: 10387313 Slime: 987234911
[22:13:51] [Server thread/INFO]: Entity Activation Range: An 32 / Mo 32 / Mi 16
[22:13:51] [Server thread/INFO]: Zombie Aggressive Towards Villager: true
[22:13:51] [Server thread/INFO]: Mob Spawn Range: 4
[22:13:52] [Server thread/INFO]: -------- World Settings For [server_nether] --------
[22:13:52] [Server thread/INFO]: Item Despawn Rate: 6000
[22:13:52] [Server thread/INFO]: Item Merge Radius: 2.5
[22:13:52] [Server thread/INFO]: Allow Zombie Pigmen to spawn from portal blocks: true
[22:13:52] [Server thread/INFO]: Arrow Despawn Rate: 1200
[22:13:52] [Server thread/INFO]: Nerfing mobs spawned from spawners: false
[22:13:52] [Server thread/INFO]: Experience Merge Radius: 3.0
[22:13:52] [Server thread/INFO]: Cactus Growth Modifier: 100%
[22:13:52] [Server thread/INFO]: Cane Growth Modifier: 100%
[22:13:52] [Server thread/INFO]: Melon Growth Modifier: 100%
[22:13:52] [Server thread/INFO]: Mushroom Growth Modifier: 100%
[22:13:52] [Server thread/INFO]: Pumpkin Growth Modifier: 100%
[22:13:52] [Server thread/INFO]: Sapling Growth Modifier: 100%
[22:13:52] [Server thread/INFO]: Wheat Growth Modifier: 100%
[22:13:52] [Server thread/INFO]: NetherWart Growth Modifier: 100%
[22:13:52] [Server thread/INFO]: Vine Growth Modifier: 100%
[22:13:52] [Server thread/INFO]: Cocoa Growth Modifier: 100%
[22:13:52] [Server thread/INFO]: View Distance: 10
[22:13:52] [Server thread/INFO]: Structure Info Saving: true
[22:13:52] [Server thread/INFO]: Entity Tracking Range: Pl 48 / An 48 / Mo 48 / Mi 32 / Other 64
[22:13:52] [Server thread/INFO]: Hopper Transfer: 8 Hopper Check: 1 Hopper Amount: 1
[22:13:52] [Server thread/INFO]: Max TNT Explosions: 100
[22:13:52] [Server thread/INFO]: Random Lighting Updates: false
[22:13:52] [Server thread/INFO]: Tile Max Tick Time: 50ms Entity max Tick Time: 50ms
[22:13:52] [Server thread/INFO]: Custom Map Seeds:  Village: 10387312 Feature: 14357617 Monument: 10387313 Slime: 987234911
[22:13:52] [Server thread/INFO]: Entity Activation Range: An 32 / Mo 32 / Mi 16
[22:13:52] [Server thread/INFO]: Zombie Aggressive Towards Villager: true
[22:13:52] [Server thread/INFO]: Mob Spawn Range: 4
[22:13:52] [Server thread/INFO]: -------- World Settings For [server_the_end] --------
[22:13:52] [Server thread/INFO]: Item Despawn Rate: 6000
[22:13:52] [Server thread/INFO]: Item Merge Radius: 2.5
[22:13:52] [Server thread/INFO]: Allow Zombie Pigmen to spawn from portal blocks: true
[22:13:52] [Server thread/INFO]: Arrow Despawn Rate: 1200
[22:13:52] [Server thread/INFO]: Nerfing mobs spawned from spawners: false
[22:13:52] [Server thread/INFO]: Experience Merge Radius: 3.0
[22:13:52] [Server thread/INFO]: Cactus Growth Modifier: 100%
[22:13:52] [Server thread/INFO]: Cane Growth Modifier: 100%
[22:13:52] [Server thread/INFO]: Melon Growth Modifier: 100%
[22:13:52] [Server thread/INFO]: Mushroom Growth Modifier: 100%
[22:13:52] [Server thread/INFO]: Pumpkin Growth Modifier: 100%
[22:13:52] [Server thread/INFO]: Sapling Growth Modifier: 100%
[22:13:52] [Server thread/INFO]: Wheat Growth Modifier: 100%
[22:13:52] [Server thread/INFO]: NetherWart Growth Modifier: 100%
[22:13:52] [Server thread/INFO]: Vine Growth Modifier: 100%
[22:13:52] [Server thread/INFO]: Cocoa Growth Modifier: 100%
[22:13:52] [Server thread/INFO]: View Distance: 10
[22:13:52] [Server thread/INFO]: Structure Info Saving: true
[22:13:52] [Server thread/INFO]: Entity Tracking Range: Pl 48 / An 48 / Mo 48 / Mi 32 / Other 64
[22:13:52] [Server thread/INFO]: Hopper Transfer: 8 Hopper Check: 1 Hopper Amount: 1
[22:13:52] [Server thread/INFO]: Max TNT Explosions: 100
[22:13:52] [Server thread/INFO]: Random Lighting Updates: false
[22:13:52] [Server thread/INFO]: Tile Max Tick Time: 50ms Entity max Tick Time: 50ms
[22:13:52] [Server thread/INFO]: Custom Map Seeds:  Village: 10387312 Feature: 14357617 Monument: 10387313 Slime: 987234911
[22:13:52] [Server thread/INFO]: Entity Activation Range: An 32 / Mo 32 / Mi 16
[22:13:52] [Server thread/INFO]: Zombie Aggressive Towards Villager: true
[22:13:52] [Server thread/INFO]: Mob Spawn Range: 4
[22:13:52] [Server thread/INFO]: Preparing start region for level 0 (Seed: 999)
[22:13:53] [Server thread/INFO]: Preparing spawn area: 0%
[22:13:54] [Server thread/INFO]: Preparing spawn area: 36%
[22:13:55] [Server thread/INFO]: Preparing spawn area: 90%
[22:13:55] [Server thread/INFO]: Preparing start region for level 1 (Seed: 999)
[22:13:56] [Server thread/INFO]: Preparing spawn area: 50%
[22:13:57] [Server thread/INFO]: Preparing start region for level 2 (Seed: 999)
[22:13:57] [Server thread/INFO]: Server permissions file permissions.yml is empty, ignoring it
[22:13:58] [Server thread/INFO]: Done (6,581s)! For help, type "help" or "?"
[22:14:02] [Server thread/INFO]: Unknown command. Type "/help" for help.[m
[22:14:06] [Server thread/INFO]: Stopping the server
[22:14:06] [Server thread/INFO]: Stopping server
[22:14:06] [Server thread/INFO]: Saving players
[22:14:06] [Server thread/INFO]: Saving worlds
[22:14:06] [Server thread/INFO]: Saving chunks for level 'server'/overworld
[22:14:07] [Server thread/INFO]: Saving chunks for level 'server_nether'/the_nether
[22:14:07] [Server thread/INFO]: Saving chunks for level 'server_the_end'/the_end
