[23:11:24] [Server thread/INFO]: Starting minecraft server version 1.7.10
[23:11:24] [Server thread/INFO]: Loading properties
[23:11:24] [Server thread/INFO]: Default game type: CREATIVE
[23:11:24] [Server thread/INFO]: This server is running CraftBukkit version git-Spigot-1.7.9-R0.2-208-ge0f2e95 (MC: 1.7.10) (Implementing API version 1.7.10-R0.1-SNAPSHOT)
[23:11:24] [Server thread/INFO]: Debug logging is disabled
[23:11:24] [Server thread/INFO]: Server Ping Player Sample Count: 12
[23:11:24] [Server thread/INFO]: Using 4 threads for Netty based IO
[23:11:24] [Server thread/INFO]: Generating keypair
[23:11:24] [Server thread/INFO]: Starting Minecraft server on 0.0.0.0:25565
[23:11:25] [Server thread/WARN]: **** SERVER IS RUNNING IN OFFLINE/INSECURE MODE!
[23:11:25] [Server thread/WARN]: The server will make no attempt to authenticate usernames. Beware.
[23:11:25] [Server thread/WARN]: While this makes the game possible to play without internet access, it also opens up the ability for hackers to connect with any username they choose.
[23:11:25] [Server thread/WARN]: To change this, set "online-mode" to "true" in the server.properties file.
[23:11:25] [Server thread/INFO]: **** Beginning UUID conversion, this may take A LONG time ****
[23:11:25] [Server thread/INFO]: Preparing level "world"
[23:11:25] [Server thread/INFO]: -------- World Settings For [world] --------
[23:11:25] [Server thread/INFO]: View Distance: 10
[23:11:25] [Server thread/INFO]: Chunks to Grow per Tick: 650
[23:11:25] [Server thread/INFO]: Clear tick list: false
[23:11:25] [Server thread/INFO]: Experience Merge Radius: 3.0
[23:11:25] [Server thread/INFO]: Mob Spawn Range: 4
[23:11:25] [Server thread/INFO]: Anti X-Ray: true
[23:11:25] [Server thread/INFO]: 	Engine Mode: 1
[23:11:25] [Server thread/INFO]: 	Hidden Blocks: [14, 15, 16, 21, 48, 49, 54, 56, 73, 74, 82, 129, 130]
[23:11:25] [Server thread/INFO]: 	Replace Blocks: [1, 5]
[23:11:25] [Server thread/INFO]: Nerfing mobs spawned from spawners: false
[23:11:25] [Server thread/INFO]: Cactus Growth Modifier: 100%
[23:11:25] [Server thread/INFO]: Cane Growth Modifier: 100%
[23:11:25] [Server thread/INFO]: Melon Growth Modifier: 100%
[23:11:25] [Server thread/INFO]: Mushroom Growth Modifier: 100%
[23:11:25] [Server thread/INFO]: Pumpkin Growth Modifier: 100%
[23:11:25] [Server thread/INFO]: Sapling Growth Modifier: 100%
[23:11:25] [Server thread/INFO]: Wheat Growth Modifier: 100%
[23:11:25] [Server thread/INFO]: Entity Activation Range: An 32 / Mo 32 / Mi 16
[23:11:25] [Server thread/INFO]: Entity Tracking Range: Pl 48 / An 48 / Mo 48 / Mi 32 / Other 64
[23:11:25] [Server thread/INFO]: Alternative Hopper Ticking: false
[23:11:25] [Server thread/INFO]: Hopper Transfer: 8 Hopper Check: 8 Hopper Amount: 1
[23:11:25] [Server thread/INFO]: Random Lighting Updates: false
[23:11:25] [Server thread/INFO]: Structure Info Saving: true
[23:11:25] [Server thread/INFO]: Sending up to 5 chunks per packet
[23:11:25] [Server thread/INFO]: Max TNT Explosions: 100
[23:11:25] [Server thread/INFO]: Custom Map Seeds:  Village: 10387312 Feature: 14357617
[23:11:25] [Server thread/INFO]: Zombie Aggressive Towards Villager: true
[23:11:25] [Server thread/INFO]: Item Despawn Rate: 6000
[23:11:25] [Server thread/INFO]: Item Merge Radius: 2.5
[23:11:25] [Server thread/INFO]: Max Entity Collisions: 8
[23:11:25] [Server thread/INFO]: Arrow Despawn Rate: 1200
[23:11:25] [Server thread/INFO]: Allow Zombie Pigmen to spawn from portal blocks: true
[23:11:25] [Server thread/INFO]: -------- World Settings For [world_nether] --------
[23:11:25] [Server thread/INFO]: View Distance: 10
[23:11:25] [Server thread/INFO]: Chunks to Grow per Tick: 650
[23:11:25] [Server thread/INFO]: Clear tick list: false
[23:11:25] [Server thread/INFO]: Experience Merge Radius: 3.0
[23:11:25] [Server thread/INFO]: Mob Spawn Range: 4
[23:11:25] [Server thread/INFO]: Anti X-Ray: true
[23:11:25] [Server thread/INFO]: 	Engine Mode: 1
[23:11:25] [Server thread/INFO]: 	Hidden Blocks: [14, 15, 16, 21, 48, 49, 54, 56, 73, 74, 82, 129, 130]
[23:11:25] [Server thread/INFO]: 	Replace Blocks: [1, 5]
[23:11:25] [Server thread/INFO]: Nerfing mobs spawned from spawners: false
[23:11:25] [Server thread/INFO]: Cactus Growth Modifier: 100%
[23:11:25] [Server thread/INFO]: Cane Growth Modifier: 100%
[23:11:25] [Server thread/INFO]: Melon Growth Modifier: 100%
[23:11:25] [Server thread/INFO]: Mushroom Growth Modifier: 100%
[23:11:25] [Server thread/INFO]: Pumpkin Growth Modifier: 100%
[23:11:25] [Server thread/INFO]: Sapling Growth Modifier: 100%
[23:11:25] [Server thread/INFO]: Wheat Growth Modifier: 100%
[23:11:25] [Server thread/INFO]: Entity Activation Range: An 32 / Mo 32 / Mi 16
[23:11:25] [Server thread/INFO]: Entity Tracking Range: Pl 48 / An 48 / Mo 48 / Mi 32 / Other 64
[23:11:25] [Server thread/INFO]: Alternative Hopper Ticking: false
[23:11:25] [Server thread/INFO]: Hopper Transfer: 8 Hopper Check: 8 Hopper Amount: 1
[23:11:25] [Server thread/INFO]: Random Lighting Updates: false
[23:11:25] [Server thread/INFO]: Structure Info Saving: true
[23:11:25] [Server thread/INFO]: Sending up to 5 chunks per packet
[23:11:25] [Server thread/INFO]: Max TNT Explosions: 100
[23:11:25] [Server thread/INFO]: Custom Map Seeds:  Village: 10387312 Feature: 14357617
[23:11:25] [Server thread/INFO]: Zombie Aggressive Towards Villager: true
[23:11:25] [Server thread/INFO]: Item Despawn Rate: 6000
[23:11:25] [Server thread/INFO]: Item Merge Radius: 2.5
[23:11:25] [Server thread/INFO]: Max Entity Collisions: 8
[23:11:25] [Server thread/INFO]: Arrow Despawn Rate: 1200
[23:11:25] [Server thread/INFO]: Allow Zombie Pigmen to spawn from portal blocks: true
[23:11:25] [Server thread/INFO]: -------- World Settings For [world_the_end] --------
[23:11:25] [Server thread/INFO]: View Distance: 10
[23:11:25] [Server thread/INFO]: Chunks to Grow per Tick: 650
[23:11:25] [Server thread/INFO]: Clear tick list: false
[23:11:25] [Server thread/INFO]: Experience Merge Radius: 3.0
[23:11:25] [Server thread/INFO]: Mob Spawn Range: 4
[23:11:25] [Server thread/INFO]: Anti X-Ray: true
[23:11:25] [Server thread/INFO]: 	Engine Mode: 1
[23:11:25] [Server thread/INFO]: 	Hidden Blocks: [14, 15, 16, 21, 48, 49, 54, 56, 73, 74, 82, 129, 130]
[23:11:25] [Server thread/INFO]: 	Replace Blocks: [1, 5]
[23:11:25] [Server thread/INFO]: Nerfing mobs spawned from spawners: false
[23:11:25] [Server thread/INFO]: Cactus Growth Modifier: 100%
[23:11:25] [Server thread/INFO]: Cane Growth Modifier: 100%
[23:11:25] [Server thread/INFO]: Melon Growth Modifier: 100%
[23:11:25] [Server thread/INFO]: Mushroom Growth Modifier: 100%
[23:11:25] [Server thread/INFO]: Pumpkin Growth Modifier: 100%
[23:11:25] [Server thread/INFO]: Sapling Growth Modifier: 100%
[23:11:25] [Server thread/INFO]: Wheat Growth Modifier: 100%
[23:11:25] [Server thread/INFO]: Entity Activation Range: An 32 / Mo 32 / Mi 16
[23:11:25] [Server thread/INFO]: Entity Tracking Range: Pl 48 / An 48 / Mo 48 / Mi 32 / Other 64
[23:11:25] [Server thread/INFO]: Alternative Hopper Ticking: false
[23:11:25] [Server thread/INFO]: Hopper Transfer: 8 Hopper Check: 8 Hopper Amount: 1
[23:11:25] [Server thread/INFO]: Random Lighting Updates: false
[23:11:25] [Server thread/INFO]: Structure Info Saving: true
[23:11:25] [Server thread/INFO]: Sending up to 5 chunks per packet
[23:11:25] [Server thread/INFO]: Max TNT Explosions: 100
[23:11:25] [Server thread/INFO]: Custom Map Seeds:  Village: 10387312 Feature: 14357617
[23:11:25] [Server thread/INFO]: Zombie Aggressive Towards Villager: true
[23:11:25] [Server thread/INFO]: Item Despawn Rate: 6000
[23:11:25] [Server thread/INFO]: Item Merge Radius: 2.5
[23:11:25] [Server thread/INFO]: Max Entity Collisions: 8
[23:11:25] [Server thread/INFO]: Arrow Despawn Rate: 1200
[23:11:25] [Server thread/INFO]: Allow Zombie Pigmen to spawn from portal blocks: true
[23:11:25] [Server thread/INFO]: Preparing start region for level 0 (Seed: 1596084929155763782)
[23:11:26] [Server thread/INFO]: Preparing spawn area: 68%
[23:11:26] [Server thread/INFO]: Preparing start region for level 1 (Seed: 1596084929155763782)
[23:11:27] [Server thread/INFO]: Preparing start region for level 2 (Seed: 1596084929155763782)
[23:11:27] [Server thread/INFO]: Server permissions file permissions.yml is empty, ignoring it
[23:11:27] [Server thread/INFO]: Done (2,636s)! For help, type "help" or "?"
[23:13:03] [User Authenticator #1/INFO]: UUID of player PaulGun is a4281a27-c6c3-306d-b8e9-0b03f06134df
[23:13:03] [Server thread/INFO]: PaulGun[/25.79.82.27:57868] logged in with entity id 228 at ([world] -65.5, 61.0, 282.5)
[23:13:11] [Server thread/INFO]: PaulGun has just earned the achievement [Taking Inventory]
[23:13:43] [Server thread/INFO]: PaulGun lost connection: Disconnected
[23:13:43] [Server thread/INFO]: PaulGun left the game.
[23:13:53] [Server thread/INFO]: Unknown command. Type "/help" for help.[m
[23:13:56] [Server thread/INFO]: CONSOLE: Stopping the server..[m
[23:13:56] [Server thread/INFO]: Stopping server
[23:13:56] [Server thread/INFO]: Saving players
[23:13:56] [Server thread/INFO]: Saving worlds
[23:13:56] [Server thread/INFO]: Saving chunks for level 'world'/Overworld
[23:13:56] [Server thread/INFO]: Saving chunks for level 'world_nether'/Nether
[23:13:57] [Server thread/INFO]: Saving chunks for level 'world_the_end'/The End
